<?xml version="1.0" encoding="UTF-8"?>
<!-- Generated by org.testng.reporters.JUnitReportReporter -->
<testsuite hostname="xKapu-PC" name="com.autotesting.framework.suits.MailLoginPageTest" tests="1" failures="0" timestamp="14 Feb 2015 09:36:14 GMT" time="70.579" errors="0">
  <testcase name="checkLoginPageTest" time="70.579" classname="com.autotesting.framework.suits.MailLoginPageTest"/>
</testsuite> <!-- com.autotesting.framework.suits.MailLoginPageTest -->
